build/app/intermediates/manifest_merge_blame_file/debug/manifest-merger-blame-debug-report.txt
1<?xml version="1.0" encoding="utf-8"?>
2<manifest xmlns:android="http://schemas.android.com/apk/res/android"
3    package="com.cloudyml.cloudymlapp"
4    android:versionCode="52"
5    android:versionName="17.0.0" >
6
7    <uses-sdk
8        android:minSdkVersion="21"
9        android:targetSdkVersion="33" />
10    <!--
11         Flutter needs it to communicate with the running application
12         to allow setting breakpoints, to provide hot reload, etc.
13    -->
14    <uses-permission android:name="android.permission.INTERNET" />
14-->src\main\AndroidManifest.xml:4:5-66
14-->src\main\AndroidManifest.xml:4:22-64
15    <uses-permission android:name="android.permission.ACCESS_NETWORK_STATE" />
15-->src\main\AndroidManifest.xml:5:5-79
15-->src\main\AndroidManifest.xml:5:22-76
16    <uses-permission android:name="android.permission.WRITE_EXTERNAL_STORAGE" />
16-->src\main\AndroidManifest.xml:6:4-80
16-->src\main\AndroidManifest.xml:6:21-77
17    <uses-permission
17-->src\main\AndroidManifest.xml:7:4-79
18        android:name="android.permission.READ_EXTERNAL_STORAGE"
18-->src\main\AndroidManifest.xml:7:21-76
19        android:maxSdkVersion="32" />
19-->[:open_filex] AndroidManifest.xml:12:9-35
20    <uses-permission android:name="android.permission.RECORD_AUDIO" />
20-->src\main\AndroidManifest.xml:8:4-70
20-->src\main\AndroidManifest.xml:8:21-67
21    <uses-permission android:name="android.permission.VIBRATE" />
21-->src\main\AndroidManifest.xml:9:4-65
21-->src\main\AndroidManifest.xml:9:21-62
22    <uses-permission android:name="android.permission.WRITE_EXTERNAL_STORAGE" />
22-->src\main\AndroidManifest.xml:6:4-80
22-->src\main\AndroidManifest.xml:6:21-77
23    <uses-permission android:name="android.permission.READ_MEDIA_IMAGES" />
23-->src\main\AndroidManifest.xml:11:5-76
23-->src\main\AndroidManifest.xml:11:22-73
24    <uses-permission android:name="android.permission.READ_MEDIA_VIDEO" />
24-->src\main\AndroidManifest.xml:12:5-75
24-->src\main\AndroidManifest.xml:12:22-72
25    <uses-permission android:name="android.permission.READ_MEDIA_AUDIO" />
25-->src\main\AndroidManifest.xml:13:5-75
25-->src\main\AndroidManifest.xml:13:22-72
26    <uses-permission android:name="android.permission.READ_MEDIA_IMAGES" />
26-->src\main\AndroidManifest.xml:11:5-76
26-->src\main\AndroidManifest.xml:11:22-73
27    <uses-permission android:name="android.permission.READ_MEDIA_VIDEO" />
27-->src\main\AndroidManifest.xml:12:5-75
27-->src\main\AndroidManifest.xml:12:22-72
28    <uses-permission android:name="android.permission.READ_MEDIA_AUDIO" />
28-->src\main\AndroidManifest.xml:13:5-75
28-->src\main\AndroidManifest.xml:13:22-72
29    <uses-permission android:name="android.permission.WAKE_LOCK" /> <!-- Permissions options for the `notification` group -->
29-->[:firebase_messaging] AndroidManifest.xml:10:5-68
29-->[:firebase_messaging] AndroidManifest.xml:10:22-65
30    <uses-permission android:name="android.permission.POST_NOTIFICATIONS" />
30-->[:firebase_messaging] AndroidManifest.xml:13:5-77
30-->[:firebase_messaging] AndroidManifest.xml:13:22-74
31    <uses-permission android:name="android.permission.RECEIVE_BOOT_COMPLETED" />
31-->[:flutter_local_notifications] AndroidManifest.xml:9:5-81
31-->[:flutter_local_notifications] AndroidManifest.xml:9:22-78
32    <uses-permission android:name="android.permission.USE_FULL_SCREEN_INTENT" />
32-->[:flutter_local_notifications] AndroidManifest.xml:11:5-81
32-->[:flutter_local_notifications] AndroidManifest.xml:11:22-78
33    <uses-permission android:name="android.permission.SCHEDULE_EXACT_ALARM" />
33-->[:flutter_local_notifications] AndroidManifest.xml:12:5-79
33-->[:flutter_local_notifications] AndroidManifest.xml:12:22-76
34
35    <queries>
35-->[:file_picker] AndroidManifest.xml:11:5-17:15
36        <intent>
36-->[:file_picker] AndroidManifest.xml:12:9-16:18
37            <action android:name="android.intent.action.GET_CONTENT" />
37-->[:file_picker] AndroidManifest.xml:13:13-72
37-->[:file_picker] AndroidManifest.xml:13:21-69
38
39            <data android:mimeType="*/*" />
39-->[:file_picker] AndroidManifest.xml:15:13-44
39-->[:file_picker] AndroidManifest.xml:15:19-41
40        </intent>
41        <intent>
41-->[:flutter_inappwebview] AndroidManifest.xml:10:9-12:18
42            <action android:name="android.support.customtabs.action.CustomTabsService" />
42-->[:flutter_inappwebview] AndroidManifest.xml:11:13-90
42-->[:flutter_inappwebview] AndroidManifest.xml:11:21-87
43        </intent>
44        <intent>
44-->[:upi_plugin] AndroidManifest.xml:10:9-14:18
45            <action android:name="android.intent.action.VIEW" />
45-->[:upi_plugin] AndroidManifest.xml:11:13-65
45-->[:upi_plugin] AndroidManifest.xml:11:21-62
46
47            <data android:scheme="upi" />
47-->[:file_picker] AndroidManifest.xml:15:13-44
48        </intent>
49
50        <package android:name="com.SIBMobile" />
50-->[:upi_plugin] AndroidManifest.xml:17:9-49
50-->[:upi_plugin] AndroidManifest.xml:17:18-46
51        <package android:name="com.YesBank" />
51-->[:upi_plugin] AndroidManifest.xml:18:9-47
51-->[:upi_plugin] AndroidManifest.xml:18:18-44
52        <package android:name="com.atomyes" />
52-->[:upi_plugin] AndroidManifest.xml:19:9-47
52-->[:upi_plugin] AndroidManifest.xml:19:18-44
53        <package android:name="com.aubank.aupay.bhimupi" />
53-->[:upi_plugin] AndroidManifest.xml:20:9-60
53-->[:upi_plugin] AndroidManifest.xml:20:18-57
54        <package android:name="com.bankofbaroda.upi" />
54-->[:upi_plugin] AndroidManifest.xml:21:9-56
54-->[:upi_plugin] AndroidManifest.xml:21:18-53
55        <package android:name="com.canarabank.mobility" />
55-->[:upi_plugin] AndroidManifest.xml:22:9-59
55-->[:upi_plugin] AndroidManifest.xml:22:18-56
56        <package android:name="com.citrus.citruspay" />
56-->[:upi_plugin] AndroidManifest.xml:23:9-56
56-->[:upi_plugin] AndroidManifest.xml:23:18-53
57        <package android:name="com.csam.icici.bank.imobile" />
57-->[:upi_plugin] AndroidManifest.xml:24:9-63
57-->[:upi_plugin] AndroidManifest.xml:24:18-60
58        <package android:name="com.cub.plus.gui" />
58-->[:upi_plugin] AndroidManifest.xml:25:9-52
58-->[:upi_plugin] AndroidManifest.xml:25:18-49
59        <package android:name="com.cub.wallet.gui" />
59-->[:upi_plugin] AndroidManifest.xml:26:9-54
59-->[:upi_plugin] AndroidManifest.xml:26:18-51
60        <package android:name="com.dbs.in.digitalbank" />
60-->[:upi_plugin] AndroidManifest.xml:27:9-58
60-->[:upi_plugin] AndroidManifest.xml:27:18-55
61        <package android:name="com.dreamplug.androidapp" />
61-->[:upi_plugin] AndroidManifest.xml:28:9-60
61-->[:upi_plugin] AndroidManifest.xml:28:18-57
62        <package android:name="com.enstage.wibmo.hdfc" />
62-->[:upi_plugin] AndroidManifest.xml:29:9-58
62-->[:upi_plugin] AndroidManifest.xml:29:18-55
63        <package android:name="com.equitasbank.upi" />
63-->[:upi_plugin] AndroidManifest.xml:30:9-55
63-->[:upi_plugin] AndroidManifest.xml:30:18-52
64        <package android:name="com.euronet.iobupi" />
64-->[:upi_plugin] AndroidManifest.xml:31:9-54
64-->[:upi_plugin] AndroidManifest.xml:31:18-51
65        <package android:name="com.fampay.in" />
65-->[:upi_plugin] AndroidManifest.xml:32:9-49
65-->[:upi_plugin] AndroidManifest.xml:32:18-46
66        <package android:name="com.finacus.jetpay" />
66-->[:upi_plugin] AndroidManifest.xml:33:9-54
66-->[:upi_plugin] AndroidManifest.xml:33:18-51
67        <package android:name="com.finacus.tranzapp" />
67-->[:upi_plugin] AndroidManifest.xml:34:9-56
67-->[:upi_plugin] AndroidManifest.xml:34:18-53
68        <package android:name="com.finopaytech.bpayfino" />
68-->[:upi_plugin] AndroidManifest.xml:35:9-60
68-->[:upi_plugin] AndroidManifest.xml:35:18-57
69        <package android:name="com.fisglobal.bandhanupi.app" />
69-->[:upi_plugin] AndroidManifest.xml:36:9-64
69-->[:upi_plugin] AndroidManifest.xml:36:18-61
70        <package android:name="com.fisglobal.syndicateupi.app" />
70-->[:upi_plugin] AndroidManifest.xml:37:9-66
70-->[:upi_plugin] AndroidManifest.xml:37:18-63
71        <package android:name="com.freecharge.android" />
71-->[:upi_plugin] AndroidManifest.xml:38:9-58
71-->[:upi_plugin] AndroidManifest.xml:38:18-55
72        <package android:name="com.fss.idfcpsp" />
72-->[:upi_plugin] AndroidManifest.xml:39:9-51
72-->[:upi_plugin] AndroidManifest.xml:39:18-48
73        <package android:name="com.fss.ippbpsp" />
73-->[:upi_plugin] AndroidManifest.xml:40:9-51
73-->[:upi_plugin] AndroidManifest.xml:40:18-48
74        <package android:name="com.fss.jnkpsp" />
74-->[:upi_plugin] AndroidManifest.xml:41:9-50
74-->[:upi_plugin] AndroidManifest.xml:41:18-47
75        <package android:name="com.fss.pnbpsp" />
75-->[:upi_plugin] AndroidManifest.xml:42:9-50
75-->[:upi_plugin] AndroidManifest.xml:42:18-47
76        <package android:name="com.fss.unbipsp" />
76-->[:upi_plugin] AndroidManifest.xml:43:9-51
76-->[:upi_plugin] AndroidManifest.xml:43:18-48
77        <package android:name="com.fss.vijayapsp" />
77-->[:upi_plugin] AndroidManifest.xml:44:9-53
77-->[:upi_plugin] AndroidManifest.xml:44:18-50
78        <package android:name="com.google.android.apps.nbu.paisa.user" />
78-->[:upi_plugin] AndroidManifest.xml:45:9-74
78-->[:upi_plugin] AndroidManifest.xml:45:18-71
79        <package android:name="com.idbibank.paywiz" />
79-->[:upi_plugin] AndroidManifest.xml:46:9-55
79-->[:upi_plugin] AndroidManifest.xml:46:18-52
80        <package android:name="com.infra.boiupi" />
80-->[:upi_plugin] AndroidManifest.xml:47:9-52
80-->[:upi_plugin] AndroidManifest.xml:47:18-49
81        <package android:name="com.infrasoft.uboi" />
81-->[:upi_plugin] AndroidManifest.xml:48:9-54
81-->[:upi_plugin] AndroidManifest.xml:48:18-51
82        <package android:name="com.infrasofttech.centralbankupi" />
82-->[:upi_plugin] AndroidManifest.xml:49:9-68
82-->[:upi_plugin] AndroidManifest.xml:49:18-65
83        <package android:name="com.infrasofttech.indianbankupi" />
83-->[:upi_plugin] AndroidManifest.xml:50:9-67
83-->[:upi_plugin] AndroidManifest.xml:50:18-64
84        <package android:name="com.infrasofttech.mahaupi" />
84-->[:upi_plugin] AndroidManifest.xml:51:9-61
84-->[:upi_plugin] AndroidManifest.xml:51:18-58
85        <package android:name="com.jio.myjio" />
85-->[:upi_plugin] AndroidManifest.xml:52:9-49
85-->[:upi_plugin] AndroidManifest.xml:52:18-46
86        <package android:name="com.khaalijeb.inkdrops" />
86-->[:upi_plugin] AndroidManifest.xml:53:9-58
86-->[:upi_plugin] AndroidManifest.xml:53:18-55
87        <package android:name="com.lcode.allahabadupi" />
87-->[:upi_plugin] AndroidManifest.xml:54:9-58
87-->[:upi_plugin] AndroidManifest.xml:54:18-55
88        <package android:name="com.lcode.corpupi" />
88-->[:upi_plugin] AndroidManifest.xml:55:9-53
88-->[:upi_plugin] AndroidManifest.xml:55:18-50
89        <package android:name="com.lcode.csbupi" />
89-->[:upi_plugin] AndroidManifest.xml:56:9-52
89-->[:upi_plugin] AndroidManifest.xml:56:18-49
90        <package android:name="com.lcode.dlbupi" />
90-->[:upi_plugin] AndroidManifest.xml:57:9-52
90-->[:upi_plugin] AndroidManifest.xml:57:18-49
91        <package android:name="com.lcode.smartz" />
91-->[:upi_plugin] AndroidManifest.xml:58:9-52
91-->[:upi_plugin] AndroidManifest.xml:58:18-49
92        <package android:name="com.lcode.ucoupi" />
92-->[:upi_plugin] AndroidManifest.xml:59:9-52
92-->[:upi_plugin] AndroidManifest.xml:59:18-49
93        <package android:name="com.lvbank.upaay" />
93-->[:upi_plugin] AndroidManifest.xml:60:9-52
93-->[:upi_plugin] AndroidManifest.xml:60:18-49
94        <package android:name="com.mgs.hsbcupi" />
94-->[:upi_plugin] AndroidManifest.xml:61:9-51
94-->[:upi_plugin] AndroidManifest.xml:61:18-48
95        <package android:name="com.mgs.induspsp" />
95-->[:upi_plugin] AndroidManifest.xml:62:9-52
95-->[:upi_plugin] AndroidManifest.xml:62:18-49
96        <package android:name="com.mgs.obcbank" />
96-->[:upi_plugin] AndroidManifest.xml:63:9-51
96-->[:upi_plugin] AndroidManifest.xml:63:18-48
97        <package android:name="com.microlucid.mudrapay.android" />
97-->[:upi_plugin] AndroidManifest.xml:64:9-67
97-->[:upi_plugin] AndroidManifest.xml:64:18-64
98        <package android:name="com.mipay.in.wallet" />
98-->[:upi_plugin] AndroidManifest.xml:65:9-55
98-->[:upi_plugin] AndroidManifest.xml:65:18-52
99        <package android:name="com.mobikwik_new" />
99-->[:upi_plugin] AndroidManifest.xml:66:9-52
99-->[:upi_plugin] AndroidManifest.xml:66:18-49
100        <package android:name="com.mobileware.upipsb" />
100-->[:upi_plugin] AndroidManifest.xml:67:9-57
100-->[:upi_plugin] AndroidManifest.xml:67:18-54
101        <package android:name="com.myairtelapp" />
101-->[:upi_plugin] AndroidManifest.xml:68:9-51
101-->[:upi_plugin] AndroidManifest.xml:68:18-48
102        <package android:name="com.mycompany.kvb" />
102-->[:upi_plugin] AndroidManifest.xml:69:9-53
102-->[:upi_plugin] AndroidManifest.xml:69:18-50
103        <package android:name="com.olive.andhra.upi" />
103-->[:upi_plugin] AndroidManifest.xml:70:9-56
103-->[:upi_plugin] AndroidManifest.xml:70:18-53
104        <package android:name="com.olive.dcb.upi" />
104-->[:upi_plugin] AndroidManifest.xml:71:9-53
104-->[:upi_plugin] AndroidManifest.xml:71:18-50
105        <package android:name="com.omegaon_internet_pvt_ltd" />
105-->[:upi_plugin] AndroidManifest.xml:72:9-64
105-->[:upi_plugin] AndroidManifest.xml:72:18-61
106        <package android:name="com.phonepe.app" />
106-->[:upi_plugin] AndroidManifest.xml:73:9-51
106-->[:upi_plugin] AndroidManifest.xml:73:18-48
107        <package android:name="com.rblbank.mobank" />
107-->[:upi_plugin] AndroidManifest.xml:74:9-54
107-->[:upi_plugin] AndroidManifest.xml:74:18-51
108        <package android:name="com.rblbank.upi" />
108-->[:upi_plugin] AndroidManifest.xml:75:9-51
108-->[:upi_plugin] AndroidManifest.xml:75:18-48
109        <package android:name="com.realmepay.payments" />
109-->[:upi_plugin] AndroidManifest.xml:76:9-58
109-->[:upi_plugin] AndroidManifest.xml:76:18-55
110        <package android:name="com.sbi.upi" />
110-->[:upi_plugin] AndroidManifest.xml:77:9-47
110-->[:upi_plugin] AndroidManifest.xml:77:18-44
111        <package android:name="com.snapwork.hdfc" />
111-->[:upi_plugin] AndroidManifest.xml:78:9-53
111-->[:upi_plugin] AndroidManifest.xml:78:18-50
112        <package android:name="com.truecaller" />
112-->[:upi_plugin] AndroidManifest.xml:79:9-50
112-->[:upi_plugin] AndroidManifest.xml:79:18-47
113        <package android:name="com.udma.yuvapay.app" />
113-->[:upi_plugin] AndroidManifest.xml:80:9-56
113-->[:upi_plugin] AndroidManifest.xml:80:18-53
114        <package android:name="com.ultracash.payment.customer" />
114-->[:upi_plugin] AndroidManifest.xml:81:9-66
114-->[:upi_plugin] AndroidManifest.xml:81:18-63
115        <package android:name="com.upi.axispay" />
115-->[:upi_plugin] AndroidManifest.xml:82:9-51
115-->[:upi_plugin] AndroidManifest.xml:82:18-48
116        <package android:name="com.upi.federalbank.org.lotza" />
116-->[:upi_plugin] AndroidManifest.xml:83:9-65
116-->[:upi_plugin] AndroidManifest.xml:83:18-62
117        <package android:name="com.whatsapp" />
117-->[:upi_plugin] AndroidManifest.xml:84:9-48
117-->[:upi_plugin] AndroidManifest.xml:84:18-45
118        <package android:name="in.amazon.mShop.android.shopping" />
118-->[:upi_plugin] AndroidManifest.xml:85:9-68
118-->[:upi_plugin] AndroidManifest.xml:85:18-65
119        <package android:name="in.cointab.app" />
119-->[:upi_plugin] AndroidManifest.xml:86:9-50
119-->[:upi_plugin] AndroidManifest.xml:86:18-47
120        <package android:name="in.org.npci.upiapp" />
120-->[:upi_plugin] AndroidManifest.xml:87:9-54
120-->[:upi_plugin] AndroidManifest.xml:87:18-51
121        <package android:name="money.bullet" />
121-->[:upi_plugin] AndroidManifest.xml:88:9-48
121-->[:upi_plugin] AndroidManifest.xml:88:18-45
122        <package android:name="net.one97.paytm" />
122-->[:upi_plugin] AndroidManifest.xml:89:9-51
122-->[:upi_plugin] AndroidManifest.xml:89:18-48
123
124        <intent>
124-->[com.razorpay:checkout:1.6.35] AndroidManifest.xml:11:9-17:18
125            <action android:name="android.intent.action.VIEW" />
125-->[:upi_plugin] AndroidManifest.xml:11:13-65
125-->[:upi_plugin] AndroidManifest.xml:11:21-62
126
127            <data
127-->[:file_picker] AndroidManifest.xml:15:13-44
128                android:mimeType="*/*"
128-->[:file_picker] AndroidManifest.xml:15:19-41
129                android:scheme="*" />
130        </intent>
131        <intent>
131-->[com.razorpay:checkout:1.6.35] AndroidManifest.xml:18:9-27:18
132            <action android:name="android.intent.action.VIEW" />
132-->[:upi_plugin] AndroidManifest.xml:11:13-65
132-->[:upi_plugin] AndroidManifest.xml:11:21-62
133
134            <category android:name="android.intent.category.BROWSABLE" />
134-->[com.razorpay:checkout:1.6.35] AndroidManifest.xml:21:13-74
134-->[com.razorpay:checkout:1.6.35] AndroidManifest.xml:21:23-71
135
136            <data
136-->[:file_picker] AndroidManifest.xml:15:13-44
137                android:host="pay"
138                android:mimeType="*/*"
138-->[:file_picker] AndroidManifest.xml:15:19-41
139                android:scheme="upi" />
140        </intent>
141        <intent>
141-->[com.razorpay:checkout:1.6.35] AndroidManifest.xml:28:9-30:18
142            <action android:name="android.intent.action.MAIN" />
142-->[com.razorpay:checkout:1.6.35] AndroidManifest.xml:29:13-65
142-->[com.razorpay:checkout:1.6.35] AndroidManifest.xml:29:21-62
143        </intent>
144        <intent>
144-->[com.razorpay:checkout:1.6.35] AndroidManifest.xml:31:9-35:18
145            <action android:name="android.intent.action.SEND" />
145-->[com.razorpay:checkout:1.6.35] AndroidManifest.xml:32:13-65
145-->[com.razorpay:checkout:1.6.35] AndroidManifest.xml:32:21-62
146
147            <data android:mimeType="*/*" />
147-->[:file_picker] AndroidManifest.xml:15:13-44
147-->[:file_picker] AndroidManifest.xml:15:19-41
148        </intent>
149        <intent>
149-->[com.razorpay:checkout:1.6.35] AndroidManifest.xml:36:9-38:18
150            <action android:name="rzp.device_token.share" />
150-->[com.razorpay:checkout:1.6.35] AndroidManifest.xml:37:13-61
150-->[com.razorpay:checkout:1.6.35] AndroidManifest.xml:37:21-58
151        </intent>
152        <intent>
152-->[androidx.media2:media2-session:1.2.0] AndroidManifest.xml:25:9-27:18
153            <action android:name="android.media.browse.MediaBrowserService" />
153-->[androidx.media2:media2-session:1.2.0] AndroidManifest.xml:26:13-79
153-->[androidx.media2:media2-session:1.2.0] AndroidManifest.xml:26:21-76
154        </intent>
155        <intent>
155-->[androidx.media2:media2-session:1.2.0] AndroidManifest.xml:28:9-30:18
156            <action android:name="androidx.media2.session.MediaSessionService" />
156-->[androidx.media2:media2-session:1.2.0] AndroidManifest.xml:29:13-82
156-->[androidx.media2:media2-session:1.2.0] AndroidManifest.xml:29:21-79
157        </intent>
158        <intent>
158-->[androidx.media2:media2-session:1.2.0] AndroidManifest.xml:31:9-33:18
159            <action android:name="androidx.media2.session.MediaLibraryService" />
159-->[androidx.media2:media2-session:1.2.0] AndroidManifest.xml:32:13-82
159-->[androidx.media2:media2-session:1.2.0] AndroidManifest.xml:32:21-79
160        </intent>
161    </queries>
162
163    <uses-permission android:name="android.permission.BROADCAST_CLOSE_SYSTEM_DIALOGS" /> <!-- Required by older versions of Google Play services to create IID tokens -->
163-->[:awesome_notifications] AndroidManifest.xml:10:5-89
163-->[:awesome_notifications] AndroidManifest.xml:10:22-86
164    <uses-permission android:name="com.google.android.c2dm.permission.RECEIVE" />
164-->[com.google.firebase:firebase-iid:21.1.0] AndroidManifest.xml:26:5-82
164-->[com.google.firebase:firebase-iid:21.1.0] AndroidManifest.xml:26:22-79
165    <uses-permission android:name="com.google.android.gms.permission.AD_ID" />
165-->[com.google.android.gms:play-services-measurement-api:21.3.0] AndroidManifest.xml:25:5-79
165-->[com.google.android.gms:play-services-measurement-api:21.3.0] AndroidManifest.xml:25:22-76
166
167    <uses-feature
167-->[com.google.android.gms:play-services-maps:17.0.0] AndroidManifest.xml:26:5-28:35
168        android:glEsVersion="0x00020000"
168-->[com.google.android.gms:play-services-maps:17.0.0] AndroidManifest.xml:27:9-41
169        android:required="true" />
169-->[com.google.android.gms:play-services-maps:17.0.0] AndroidManifest.xml:28:9-32
170
171    <uses-permission android:name="com.google.android.finsky.permission.BIND_GET_INSTALL_REFERRER_SERVICE" />
171-->[com.google.android.gms:play-services-measurement:21.3.0] AndroidManifest.xml:26:5-110
171-->[com.google.android.gms:play-services-measurement:21.3.0] AndroidManifest.xml:26:22-107
172    <uses-permission android:name="android.permission.FOREGROUND_SERVICE" />
172-->[androidx.work:work-runtime:2.7.1] AndroidManifest.xml:28:5-77
172-->[androidx.work:work-runtime:2.7.1] AndroidManifest.xml:28:22-74
173
174    <permission
174-->[androidx.core:core:1.9.0] AndroidManifest.xml:22:5-24:47
175        android:name="com.cloudyml.cloudymlapp.DYNAMIC_RECEIVER_NOT_EXPORTED_PERMISSION"
175-->[androidx.core:core:1.9.0] AndroidManifest.xml:23:9-81
176        android:protectionLevel="signature" />
176-->[androidx.core:core:1.9.0] AndroidManifest.xml:24:9-44
177
178    <uses-permission android:name="com.cloudyml.cloudymlapp.DYNAMIC_RECEIVER_NOT_EXPORTED_PERMISSION" /> <!-- for android -->
178-->[androidx.core:core:1.9.0] AndroidManifest.xml:26:5-97
178-->[androidx.core:core:1.9.0] AndroidManifest.xml:26:22-94
179    <!-- <uses-permission android:name="com.android.launcher.permission.READ_SETTINGS"/> -->
180    <!-- <uses-permission android:name="com.android.launcher.permission.WRITE_SETTINGS"/> -->
181    <!-- <uses-permission android:name="com.android.launcher.permission.INSTALL_SHORTCUT" /> -->
182    <!-- <uses-permission android:name="com.android.launcher.permission.UNINSTALL_SHORTCUT" /> -->
183    <!-- for Samsung -->
184    <uses-permission android:name="com.sec.android.provider.badge.permission.READ" />
184-->[me.leolin:ShortcutBadger:1.1.22] AndroidManifest.xml:19:5-86
184-->[me.leolin:ShortcutBadger:1.1.22] AndroidManifest.xml:19:22-83
185    <uses-permission android:name="com.sec.android.provider.badge.permission.WRITE" /> <!-- for htc -->
185-->[me.leolin:ShortcutBadger:1.1.22] AndroidManifest.xml:20:5-87
185-->[me.leolin:ShortcutBadger:1.1.22] AndroidManifest.xml:20:22-84
186    <uses-permission android:name="com.htc.launcher.permission.READ_SETTINGS" />
186-->[me.leolin:ShortcutBadger:1.1.22] AndroidManifest.xml:23:5-81
186-->[me.leolin:ShortcutBadger:1.1.22] AndroidManifest.xml:23:22-78
187    <uses-permission android:name="com.htc.launcher.permission.UPDATE_SHORTCUT" /> <!-- for sony -->
187-->[me.leolin:ShortcutBadger:1.1.22] AndroidManifest.xml:24:5-83
187-->[me.leolin:ShortcutBadger:1.1.22] AndroidManifest.xml:24:22-80
188    <uses-permission android:name="com.sonyericsson.home.permission.BROADCAST_BADGE" />
188-->[me.leolin:ShortcutBadger:1.1.22] AndroidManifest.xml:27:5-88
188-->[me.leolin:ShortcutBadger:1.1.22] AndroidManifest.xml:27:22-85
189    <uses-permission android:name="com.sonymobile.home.permission.PROVIDER_INSERT_BADGE" /> <!-- for apex -->
189-->[me.leolin:ShortcutBadger:1.1.22] AndroidManifest.xml:28:5-92
189-->[me.leolin:ShortcutBadger:1.1.22] AndroidManifest.xml:28:22-89
190    <uses-permission android:name="com.anddoes.launcher.permission.UPDATE_COUNT" /> <!-- for solid -->
190-->[me.leolin:ShortcutBadger:1.1.22] AndroidManifest.xml:31:5-84
190-->[me.leolin:ShortcutBadger:1.1.22] AndroidManifest.xml:31:22-81
191    <uses-permission android:name="com.majeur.launcher.permission.UPDATE_BADGE" /> <!-- for huawei -->
191-->[me.leolin:ShortcutBadger:1.1.22] AndroidManifest.xml:34:5-83
191-->[me.leolin:ShortcutBadger:1.1.22] AndroidManifest.xml:34:22-80
192    <uses-permission android:name="com.huawei.android.launcher.permission.CHANGE_BADGE" />
192-->[me.leolin:ShortcutBadger:1.1.22] AndroidManifest.xml:37:5-91
192-->[me.leolin:ShortcutBadger:1.1.22] AndroidManifest.xml:37:22-88
193    <uses-permission android:name="com.huawei.android.launcher.permission.READ_SETTINGS" />
193-->[me.leolin:ShortcutBadger:1.1.22] AndroidManifest.xml:38:5-92
193-->[me.leolin:ShortcutBadger:1.1.22] AndroidManifest.xml:38:22-89
194    <uses-permission android:name="com.huawei.android.launcher.permission.WRITE_SETTINGS" /> <!-- for ZUK -->
194-->[me.leolin:ShortcutBadger:1.1.22] AndroidManifest.xml:39:5-93
194-->[me.leolin:ShortcutBadger:1.1.22] AndroidManifest.xml:39:22-90
195    <uses-permission android:name="android.permission.READ_APP_BADGE" /> <!-- for OPPO -->
195-->[me.leolin:ShortcutBadger:1.1.22] AndroidManifest.xml:42:5-73
195-->[me.leolin:ShortcutBadger:1.1.22] AndroidManifest.xml:42:22-70
196    <uses-permission android:name="com.oppo.launcher.permission.READ_SETTINGS" />
196-->[me.leolin:ShortcutBadger:1.1.22] AndroidManifest.xml:45:5-82
196-->[me.leolin:ShortcutBadger:1.1.22] AndroidManifest.xml:45:22-79
197    <uses-permission android:name="com.oppo.launcher.permission.WRITE_SETTINGS" /> <!-- for EvMe -->
197-->[me.leolin:ShortcutBadger:1.1.22] AndroidManifest.xml:46:5-83
197-->[me.leolin:ShortcutBadger:1.1.22] AndroidManifest.xml:46:22-80
198    <uses-permission android:name="me.everything.badger.permission.BADGE_COUNT_READ" />
198-->[me.leolin:ShortcutBadger:1.1.22] AndroidManifest.xml:49:5-88
198-->[me.leolin:ShortcutBadger:1.1.22] AndroidManifest.xml:49:22-85
199    <uses-permission android:name="me.everything.badger.permission.BADGE_COUNT_WRITE" /> <!-- <uses-permission android:name="android.permission.QUERY_ALL_PACKAGES"/> -->
199-->[me.leolin:ShortcutBadger:1.1.22] AndroidManifest.xml:50:5-89
199-->[me.leolin:ShortcutBadger:1.1.22] AndroidManifest.xml:50:22-86
200    <application
201        android:name="android.app.Application"
202        android:appComponentFactory="androidx.core.app.CoreComponentFactory"
202-->[androidx.core:core:1.9.0] AndroidManifest.xml:28:18-86
203        android:debuggable="true"
204        android:icon="@mipmap/launcher_icon"
205        android:label="Dataly"
206        android:usesCleartextTraffic="true" >
207        <activity
208            android:name="com.cloudyml.cloudymlapp.MainActivity"
209            android:allowBackup="false"
210            android:configChanges="orientation|keyboardHidden|keyboard|screenSize|smallestScreenSize|locale|layoutDirection|fontScale|screenLayout|density|uiMode"
211            android:exported="true"
212            android:fullBackupOnly="false"
213            android:hardwareAccelerated="true"
214            android:launchMode="singleTop"
215            android:theme="@style/LaunchTheme"
216            android:windowSoftInputMode="adjustResize" >
217
218            <!--
219                 Specifies an Android theme to apply to this Activity as soon as
220                 the Android process has started. This theme is visible to the user
221                 while the Flutter UI initializes. After that, this theme continues
222                 to determine the Window background behind the Flutter UI.
223            -->
224            <meta-data
225                android:name="io.flutter.embedding.android.NormalTheme"
226                android:resource="@style/NormalTheme" />
227
228            <intent-filter>
229                <action android:name="android.intent.action.MAIN" />
229-->[com.razorpay:checkout:1.6.35] AndroidManifest.xml:29:13-65
229-->[com.razorpay:checkout:1.6.35] AndroidManifest.xml:29:21-62
230
231                <category android:name="android.intent.category.LAUNCHER" />
232            </intent-filter>
233        </activity>
234        <!--
235             Don't delete the meta-data below.
236             This is used by the Flutter tool to generate GeneratedPluginRegistrant.java
237        -->
238        <meta-data
239            android:name="flutterEmbedding"
240            android:value="2" />
241        <meta-data
242            android:name="com.google.firebase.messaging.default_notification_channel_id"
243            android:value="CloudyML" />
244
245        <service
245-->[:firebase_messaging] AndroidManifest.xml:16:9-19:72
246            android:name="io.flutter.plugins.firebase.messaging.FlutterFirebaseMessagingBackgroundService"
246-->[:firebase_messaging] AndroidManifest.xml:17:13-107
247            android:exported="false"
247-->[:firebase_messaging] AndroidManifest.xml:18:13-37
248            android:permission="android.permission.BIND_JOB_SERVICE" />
248-->[:firebase_messaging] AndroidManifest.xml:19:13-69
249        <service
249-->[:firebase_messaging] AndroidManifest.xml:20:9-26:19
250            android:name="io.flutter.plugins.firebase.messaging.FlutterFirebaseMessagingService"
250-->[:firebase_messaging] AndroidManifest.xml:21:13-97
251            android:exported="false" >
251-->[:firebase_messaging] AndroidManifest.xml:22:13-37
252            <intent-filter>
252-->[:firebase_messaging] AndroidManifest.xml:23:13-25:29
253                <action android:name="com.google.firebase.MESSAGING_EVENT" />
253-->[:firebase_messaging] AndroidManifest.xml:24:17-78
253-->[:firebase_messaging] AndroidManifest.xml:24:25-75
254            </intent-filter>
255        </service>
256
257        <receiver
257-->[:firebase_messaging] AndroidManifest.xml:28:9-35:20
258            android:name="io.flutter.plugins.firebase.messaging.FlutterFirebaseMessagingReceiver"
258-->[:firebase_messaging] AndroidManifest.xml:29:13-98
259            android:exported="true"
259-->[:firebase_messaging] AndroidManifest.xml:30:13-36
260            android:permission="com.google.android.c2dm.permission.SEND" >
260-->[:firebase_messaging] AndroidManifest.xml:31:13-73
261            <intent-filter>